<?xml version="1.0" encoding="UTF-8"?>
<Site BuildName="Darwin-c++"
	BuildStamp="20250304-0034-Experimental"
	Name="Kevins-MacBook-Air-2.local"
	Generator="ctest-3.20.1"
	CompilerName="/Library/Developer/CommandLineTools/usr/bin/c++"
	CompilerVersion="12.0.5.12050022"
	OSName="macOS"
	Hostname="Kevins-MacBook-Air-2.local"
	OSRelease="14.4"
	OSVersion="23E214"
	OSPlatform="arm64"
	Is64Bits="1"
	VendorString="IBM"
	VendorID="IBM"
	FamilyID="16777228"
	ModelID="2"
	ProcessorCacheSize="131072"
	NumberOfLogicalCPU="8"
	NumberOfPhysicalCPU="8"
	TotalVirtualMemory="3072"
	TotalPhysicalMemory="8192"
	LogicalProcessorsPerPhysical="8"
	ProcessorClockFrequency="0"
	>
	<Testing>
		<StartDateTime>Mar 03 17:00 PST</StartDateTime>
		<StartTestTime>1741050013</StartTestTime>
		<TestList/>
		<EndDateTime>Mar 03 17:00 PST</EndDateTime>
		<EndTestTime>1741050013</EndTestTime>
		<ElapsedMinutes>0</ElapsedMinutes>
	</Testing>
</Site>
